number,value,datetime_start,datetime_complete,duration,params_alpha-eval,params_alpha-train,params_eps-eval,params_eps-train,params_lambda-actions-eval,params_lambda-actions-train,params_lambda-frames-eval,params_lambda-frames-train,params_learning-rate,params_n-epochs,params_n-frames,params_radius-gw,params_rho,params_std-feats,params_ub-actions,params_ub-frames,params_weight-decay,system_attrs_fixed_params,system_attrs_tpe:relative_params:0,state
0,0.4170534312725067,2026-09-24 07:18:35.350393,2026-09-24 07:20:06.797769,0 days 00:01:31.447376,0.14,0.11,0.382,0.022,0.1,0.1,0.03,0.1,1e-05,30,80,0.098,0.182,True,False,False,0.001,"{'alpha-train': 0.11, 'alpha-eval': 0.14, 'lambda-frames-train': 0.1, 'lambda-actions-train': 0.1, 'lambda-frames-eval': 0.03, 'lambda-actions-eval': 0.1, 'eps-train': 0.022, 'eps-eval': 0.382, 'radius-gw': 0.098, 'learning-rate': 1e-05, 'weight-decay': 0.001, 'n-epochs': 30, 'ub-frames': False, 'ub-actions': False, 'std-feats': True, 'rho': 0.182, 'n-frames': 80}",,COMPLETE
1,0.3909660875797272,2026-09-24 07:18:35.352185,2026-09-24 07:19:38.634361,0 days 00:01:03.282176,0.3,0.3,0.04,0.07,0.01,0.05,0.05,0.05,0.001,20,40,0.04,0.1,True,False,False,0.0001,"{'alpha-train': 0.3, 'alpha-eval': 0.3, 'lambda-frames-train': 0.05, 'lambda-actions-train': 0.05, 'lambda-frames-eval': 0.05, 'lambda-actions-eval': 0.01, 'eps-train': 0.07, 'eps-eval': 0.04, 'radius-gw': 0.04, 'learning-rate': 0.001, 'weight-decay': 0.0001, 'n-epochs': 20, 'ub-frames': False, 'ub-actions': False, 'std-feats': True, 'rho': 0.1, 'n-frames': 40}",,COMPLETE
2,0.11781055480241776,2026-09-24 07:18:35.353193,2026-09-24 07:19:25.618436,0 days 00:00:50.265243,0.34,0.22,0.385,0.446,0.08,0.08,0.02,0.03,0.01,15,54,0.048,0.05,True,False,True,0.01,,,COMPLETE
3,0.10074285417795181,2026-09-24 07:19:25.619682,2026-09-24 07:20:05.695032,0 days 00:00:40.075350,0.04,0.8200000000000001,0.486,0.362,0.06999999999999999,0.09,0.09999999999999999,0.08,0.001,15,42,0.010000000000000002,0.089,True,False,True,0.0001,,,COMPLETE
4,0.10006201267242432,2026-09-24 07:19:38.635295,2026-09-24 07:20:37.416142,0 days 00:00:58.780847,0.53,0.38,0.389,0.488,0.01,0.02,0.08,0.03,0.01,20,78,0.082,0.109,False,False,True,0.0001,,,COMPLETE
5,0.1141745001077652,2026-09-24 07:20:05.696023,2026-09-24 07:21:28.357158,0 days 00:01:22.661135,0.55,0.23,0.229,0.489,0.09999999999999999,0.05,0.08,0.03,0.001,30,56,0.02,0.217,True,True,False,1e-06,,,COMPLETE
6,0.11605570465326309,2026-09-24 07:20:06.798736,2026-09-24 07:21:04.104841,0 days 00:00:57.306105,0.92,0.05,0.39,0.034,0.09,0.04,0.05,0.09,1e-05,20,48,0.051000000000000004,0.224,False,True,False,0.01,,,COMPLETE
7,0.09424815326929092,2026-09-24 07:20:37.417091,2026-09-24 07:21:47.248823,0 days 00:01:09.831732,0.04,0.75,0.21,0.41000000000000003,0.05,0.04,0.06999999999999999,0.01,0.001,25,48,0.061,0.228,False,False,True,0.01,,,COMPLETE
8,0.10045193135738373,2026-09-24 07:21:04.105836,2026-09-24 07:22:05.091754,0 days 00:01:00.985918,0.5,0.06999999999999999,0.40700000000000003,0.385,0.04,0.08,0.04,0.09999999999999999,0.01,20,70,0.05,0.224,True,True,True,1e-06,,,COMPLETE
9,0.1308937966823578,2026-09-24 07:21:28.358168,2026-09-24 07:22:27.461146,0 days 00:00:59.102978,0.73,0.62,0.123,0.311,0.060000000000000005,0.09999999999999999,0.06999999999999999,0.01,0.01,20,62,0.024,0.241,True,False,True,0.0001,,,COMPLETE
10,0.09770163148641586,2026-09-24 07:21:47.249793,2026-09-24 07:22:33.865685,0 days 00:00:46.615892,0.45,0.56,0.315,0.40700000000000003,0.06999999999999999,0.06999999999999999,0.09,0.03,0.001,15,52,0.034,0.185,False,True,False,0.0001,,,COMPLETE
11,0.13173681497573853,2026-09-24 07:22:05.092652,2026-09-24 07:22:32.490447,0 days 00:00:27.397795,0.35000000000000003,0.76,0.331,0.427,0.060000000000000005,0.04,0.04,0.09999999999999999,0.001,5,78,0.024,0.016,True,False,True,0.001,,,COMPLETE
12,0.4408285915851593,2026-09-24 07:22:27.462102,2026-09-24 07:23:18.540323,0 days 00:00:51.078221,0.6900000000000001,0.5,0.133,0.196,0.08,0.09,0.02,0.09,1e-05,15,28,0.046,0.28700000000000003,True,False,False,0.001,,"{""alpha-eval"": 0.6900000000000001, ""alpha-train"": 0.5, ""eps-eval"": 0.133, ""eps-train"": 0.196, ""lambda-actions-eval"": 0.08, ""lambda-actions-train"": 0.09, ""lambda-frames-eval"": 0.02, ""lambda-frames-train"": 0.09, ""learning-rate"": 1e-05, ""n-epochs"": 15, ""n-frames"": 28, ""radius-gw"": 0.046, ""rho"": 0.28700000000000003, ""std-feats"": true, ""ub-actions"": false, ""ub-frames"": false, ""weight-decay"": 0.001}",COMPLETE
13,0.4084233045578003,2026-09-24 07:22:32.491286,2026-09-24 07:23:46.713499,0 days 00:01:14.222213,0.18000000000000002,0.5,0.494,0.044000000000000004,0.05,0.09,0.02,0.08,1e-05,25,38,0.027000000000000003,0.264,True,False,False,0.001,,"{""alpha-eval"": 0.18000000000000002, ""alpha-train"": 0.5, ""eps-eval"": 0.494, ""eps-train"": 0.044000000000000004, ""lambda-actions-eval"": 0.05, ""lambda-actions-train"": 0.09, ""lambda-frames-eval"": 0.02, ""lambda-frames-train"": 0.08, ""learning-rate"": 1e-05, ""n-epochs"": 25, ""n-frames"": 38, ""radius-gw"": 0.027000000000000003, ""rho"": 0.264, ""std-feats"": true, ""ub-actions"": false, ""ub-frames"": false, ""weight-decay"": 0.001}",COMPLETE
14,0.4237872064113617,2026-09-24 07:22:33.866559,2026-09-24 07:23:38.132299,0 days 00:01:04.265740,0.45,0.22,0.147,0.026000000000000002,0.02,0.060000000000000005,0.05,0.08,1e-05,20,68,0.07300000000000001,0.136,True,False,False,0.001,,"{""alpha-eval"": 0.45, ""alpha-train"": 0.22, ""eps-eval"": 0.147, ""eps-train"": 0.026000000000000002, ""lambda-actions-eval"": 0.02, ""lambda-actions-train"": 0.060000000000000005, ""lambda-frames-eval"": 0.05, ""lambda-frames-train"": 0.08, ""learning-rate"": 1e-05, ""n-epochs"": 20, ""n-frames"": 68, ""radius-gw"": 0.07300000000000001, ""rho"": 0.136, ""std-feats"": true, ""ub-actions"": false, ""ub-frames"": false, ""weight-decay"": 0.001}",COMPLETE
15,0.38833504915237427,2026-09-24 07:23:18.541271,2026-09-24 07:24:34.832131,0 days 00:01:16.290860,0.01,0.11,0.217,0.121,0.08,0.08,0.05,0.06999999999999999,1e-05,25,76,0.08800000000000001,0.289,True,False,False,0.001,,"{""alpha-eval"": 0.01, ""alpha-train"": 0.11, ""eps-eval"": 0.217, ""eps-train"": 0.121, ""lambda-actions-eval"": 0.08, ""lambda-actions-train"": 0.08, ""lambda-frames-eval"": 0.05, ""lambda-frames-train"": 0.06999999999999999, ""learning-rate"": 1e-05, ""n-epochs"": 25, ""n-frames"": 76, ""radius-gw"": 0.08800000000000001, ""rho"": 0.289, ""std-feats"": true, ""ub-actions"": false, ""ub-frames"": false, ""weight-decay"": 0.001}",COMPLETE
16,0.423555463552475,2026-09-24 07:23:38.133153,2026-09-24 07:24:18.628683,0 days 00:00:40.495530,0.9,0.47000000000000003,0.191,0.07,0.09,0.08,0.02,0.08,0.01,10,50,0.057,0.249,True,False,False,0.001,,"{""alpha-eval"": 0.9, ""alpha-train"": 0.47000000000000003, ""eps-eval"": 0.191, ""eps-train"": 0.07, ""lambda-actions-eval"": 0.09, ""lambda-actions-train"": 0.08, ""lambda-frames-eval"": 0.02, ""lambda-frames-train"": 0.08, ""learning-rate"": 0.01, ""n-epochs"": 10, ""n-frames"": 50, ""radius-gw"": 0.057, ""rho"": 0.249, ""std-feats"": true, ""ub-actions"": false, ""ub-frames"": false, ""weight-decay"": 0.001}",COMPLETE
17,0.4103390574455261,2026-09-24 07:23:46.714350,2026-09-24 07:24:40.626706,0 days 00:00:53.912356,0.62,0.19,0.114,0.108,0.05,0.060000000000000005,0.03,0.08,1e-05,15,62,0.083,0.214,True,False,False,0.001,,"{""alpha-eval"": 0.62, ""alpha-train"": 0.19, ""eps-eval"": 0.114, ""eps-train"": 0.108, ""lambda-actions-eval"": 0.05, ""lambda-actions-train"": 0.060000000000000005, ""lambda-frames-eval"": 0.03, ""lambda-frames-train"": 0.08, ""learning-rate"": 1e-05, ""n-epochs"": 15, ""n-frames"": 62, ""radius-gw"": 0.083, ""rho"": 0.214, ""std-feats"": true, ""ub-actions"": false, ""ub-frames"": false, ""weight-decay"": 0.001}",COMPLETE
